<?xml version="1.0" encoding="UTF-8"?>
<!-- Generated by org.testng.reporters.JUnitReportReporter -->
<testsuite hostname="Dell" failures="0" tests="1" name="com.snetBanking.testCases.TC_LoginTest_001" time="16.771" errors="0" timestamp="2024-05-22T12:07:39 IST" skipped="0">
  <testcase classname="com.snetBanking.testCases.TC_LoginTest_001" name="LoginTest" time="16.771"/>
</testsuite> <!-- com.snetBanking.testCases.TC_LoginTest_001 -->
